==53508== Memcheck, a memory error detector
==53508== Copyright (C) 2002-2017, and GNU GPL'd, by Julian Seward et al.
==53508== Using Valgrind-3.17.0.GIT-lbmacos-adaae87a41-20201121 and LibVEX; rerun with -h for copyright info
==53508== Command: ./parser ../tests/test1.nc
==53508== Parent PID: 53390
==53508== 
--53508-- 
--53508-- Valgrind options:
--53508--    -v
--53508--    --tool=memcheck
--53508--    --leak-check=full
--53508--    --show-leak-kinds=all
--53508--    --track-origins=yes
--53508--    --log-file=logfile.out
--53508-- Output from sysctl({CTL_KERN,KERN_VERSION}):
--53508--   Darwin Kernel Version 18.7.0: Tue Aug 20 16:57:14 PDT 2019; root:xnu-4903.271.2~2/RELEASE_X86_64
--53508-- Arch and hwcaps: AMD64, LittleEndian, amd64-cx16-lzcnt-rdtscp-sse3-ssse3-avx-avx2-bmi-f16c-rdrand
--53508-- Page sizes: currently 4096, max supported 4096
--53508-- Valgrind library directory: /usr/local/Cellar/valgrind/HEAD-adaae87/lib/valgrind
--53508-- ./parser (rx at 0x100000000, rw at 0x10000c000)
--53508--    reading syms   from primary file (58 350)
--53508--    dSYM= ./parser.dSYM/Contents/Resources/DWARF/parser
--53508--    reading dwarf3 from dsyms file
--53508-- /usr/lib/dyld (rx at 0x100010000, rw at 0x10007b000)
--53508--    reading syms   from primary file (5 2132)
--53508-- Scheduler: using generic scheduler lock implementation.
--53508-- Reading suppressions file: /usr/local/Cellar/valgrind/HEAD-adaae87/lib/valgrind/default.supp
==53508== embedded gdbserver: reading from /var/folders/h7/p7nnnzp11nqcz3zl14zgw1dr0000gn/T//vgdb-pipe-from-vgdb-to-53508-by-romulofilho-on-???
==53508== embedded gdbserver: writing to   /var/folders/h7/p7nnnzp11nqcz3zl14zgw1dr0000gn/T//vgdb-pipe-to-vgdb-from-53508-by-romulofilho-on-???
==53508== embedded gdbserver: shared mem   /var/folders/h7/p7nnnzp11nqcz3zl14zgw1dr0000gn/T//vgdb-pipe-shared-mem-vgdb-53508-by-romulofilho-on-???
==53508== 
==53508== TO CONTROL THIS PROCESS USING vgdb (which you probably
==53508== don't want to do, unless you know exactly what you're doing,
==53508== or are doing some strange experiment):
==53508==   /usr/local/Cellar/valgrind/HEAD-adaae87/lib/valgrind/../../bin/vgdb --pid=53508 ...command...
==53508== 
==53508== TO DEBUG THIS PROCESS USING GDB: start GDB like this
==53508==   /path/to/gdb ./parser
==53508== and then give GDB the following command
==53508==   target remote | /usr/local/Cellar/valgrind/HEAD-adaae87/lib/valgrind/../../bin/vgdb --pid=53508
==53508== --pid is optional if only one valgrind process is running
==53508== 
--53508-- REDIR: 0x100051120 (dyld:strcmp) redirected to 0x258057910 (???)
--53508-- REDIR: 0x10004b5f6 (dyld:arc4random) redirected to 0x2580579ae (???)
--53508-- REDIR: 0x100050500 (dyld:strlen) redirected to 0x2580578df (???)
--53508-- REDIR: 0x100051420 (dyld:strcpy) redirected to 0x25805792c (???)
--53508-- REDIR: 0x10004e6f0 (dyld:strcat) redirected to 0x2580578f0 (???)
--53508-- REDIR: 0x1000502f0 (dyld:strlcat) redirected to 0x258057949 (???)
--53508-- /usr/local/Cellar/valgrind/HEAD-adaae87/lib/valgrind/vgpreload_core-amd64-darwin.so (rx at 0x1000db000, rw at 0x1000df000)
--53508--    reading syms   from primary file (3 52)
--53508--    dSYM= /usr/local/Cellar/valgrind/HEAD-adaae87/lib/valgrind/vgpreload_core-amd64-darwin.so.dSYM/Contents/Resources/DWARF/vgpreload_core-amd64-darwin.so
--53508-- /usr/local/Cellar/valgrind/HEAD-adaae87/lib/valgrind/vgpreload_memcheck-amd64-darwin.so (rx at 0x1000e2000, rw at 0x1000e9000)
--53508--    reading syms   from primary file (75 61)
--53508--    dSYM= /usr/local/Cellar/valgrind/HEAD-adaae87/lib/valgrind/vgpreload_memcheck-amd64-darwin.so.dSYM/Contents/Resources/DWARF/vgpreload_memcheck-amd64-darwin.so
--53508-- /usr/lib/libSystem.B.dylib (rx at 0x1000ee000, rw at 0x1000f0000)
--53508--    reading syms   from primary file (29 7)
--53508-- /usr/lib/system/libcache.dylib (rx at 0x1000f5000, rw at 0x1000fa000)
--53508--    reading syms   from primary file (32 28)
--53508-- /usr/lib/system/libcommonCrypto.dylib (rx at 0x1000ff000, rw at 0x10010a000)
--53508--    reading syms   from primary file (222 164)
--53508-- /usr/lib/system/libcompiler_rt.dylib (rx at 0x100117000, rw at 0x10011f000)
--53508--    reading syms   from primary file (510 8)
--53508-- /usr/lib/system/libcopyfile.dylib (rx at 0x10012c000, rw at 0x100136000)
--53508--    reading syms   from primary file (11 37)
--53508-- /usr/lib/system/libcorecrypto.dylib (rx at 0x10013c000, rw at 0x1001c1000)
--53508--    reading syms   from primary file (525 697)
--53508-- /usr/lib/system/libdispatch.dylib (rx at 0x1001dd000, rw at 0x100217000)
--53508--    reading syms   from primary file (300 878)
--53508-- /usr/lib/system/libdyld.dylib (rx at 0x100247000, rw at 0x100274000)
--53508--    reading syms   from primary file (107 1127)
--53508-- /usr/lib/system/libkeymgr.dylib (rx at 0x100292000, rw at 0x100293000)
--53508--    reading syms   from primary file (11 2)
--53508-- /usr/lib/system/libmacho.dylib (rx at 0x10029e000, rw at 0x1002a4000)
--53508--    reading syms   from primary file (105 2)
--53508-- /usr/lib/system/libquarantine.dylib (rx at 0x1002aa000, rw at 0x1002ad000)
--53508--    reading syms   from primary file (71 38)
--53508-- /usr/lib/system/libremovefile.dylib (rx at 0x1002b3000, rw at 0x1002b5000)
--53508--    reading syms   from primary file (12 6)
--53508-- /usr/lib/system/libsystem_asl.dylib (rx at 0x1002ba000, rw at 0x1002d2000)
--53508--    reading syms   from primary file (220 227)
--53508-- /usr/lib/system/libsystem_blocks.dylib (rx at 0x1002df000, rw at 0x1002e0000)
--53508--    reading syms   from primary file (21 7)
--53508-- /usr/lib/system/libsystem_c.dylib (rx at 0x1002e4000, rw at 0x10036c000)
--53508--    reading syms   from primary file (1342 803)
--53508-- /usr/lib/system/libsystem_configuration.dylib (rx at 0x100394000, rw at 0x100398000)
--53508--    reading syms   from primary file (38 64)
--53508-- /usr/lib/system/libsystem_coreservices.dylib (rx at 0x10039e000, rw at 0x1003a2000)
--53508--    reading syms   from primary file (14 43)
--53508-- /usr/lib/system/libsystem_darwin.dylib (rx at 0x1003a7000, rw at 0x1003ae000)
--53508--    reading syms   from primary file (40 331)
--53508-- /usr/lib/system/libsystem_dnssd.dylib (rx at 0x1003b8000, rw at 0x1003bf000)
--53508--    reading syms   from primary file (39 34)
--53508-- /usr/lib/system/libsystem_info.dylib (rx at 0x1003c4000, rw at 0x100410000)
--53508--    reading syms   from primary file (426 719)
--53508-- /usr/lib/system/libsystem_m.dylib (rx at 0x100426000, rw at 0x100472000)
--53508--    reading syms   from primary file (811 1)
--53508-- /usr/lib/system/libsystem_malloc.dylib (rx at 0x100480000, rw at 0x1004ab000)
--53508--    reading syms   from primary file (156 420)
--53508-- /usr/lib/system/libsystem_networkextension.dylib (rx at 0x1004ba000, rw at 0x1004c5000)
--53508--    reading syms   from primary file (99 180)
--53508-- /usr/lib/system/libsystem_notify.dylib (rx at 0x1004d0000, rw at 0x1004d8000)
--53508--    reading syms   from primary file (23 1)
--53508-- /usr/lib/system/libsystem_sandbox.dylib (rx at 0x1004de000, rw at 0x1004e2000)
--53508--    reading syms   from primary file (100 13)
--53508-- /usr/lib/system/libsystem_secinit.dylib (rx at 0x1004e8000, rw at 0x1004eb000)
--53508--    reading syms   from primary file (4 7)
--53508-- /usr/lib/system/libsystem_kernel.dylib (rx at 0x1004f0000, rw at 0x100519000)
--53508--    reading syms   from primary file (1306 120)
--53508-- /usr/lib/system/libsystem_platform.dylib (rx at 0x100533000, rw at 0x10053d000)
--53508--    reading syms   from primary file (166 105)
--53508-- /usr/lib/system/libsystem_pthread.dylib (rx at 0x100545000, rw at 0x100550000)
--53508--    reading syms   from primary file (186 99)
--53508-- /usr/lib/system/libsystem_symptoms.dylib (rx at 0x10055a000, rw at 0x100562000)
--53508--    reading syms   from primary file (10 89)
--53508-- /usr/lib/system/libsystem_trace.dylib (rx at 0x100568000, rw at 0x10057e000)
--53508--    reading syms   from primary file (126 235)
--53508-- /usr/lib/system/libunwind.dylib (rx at 0x10058c000, rw at 0x100592000)
--53508--    reading syms   from primary file (102 52)
--53508-- /usr/lib/system/libxpc.dylib (rx at 0x100599000, rw at 0x1005c9000)
--53508--    reading syms   from primary file (590 928)
--53508-- /usr/lib/libobjc.A.dylib (rx at 0x1005ec000, rw at 0x100d72000)
--53508--    reading syms   from primary file (360 900)
--53508-- /usr/lib/libc++abi.dylib (rx at 0x100f29000, rw at 0x100f3f000)
--53508--    reading syms   from primary file (375 604)
--53508-- /usr/lib/libc++.1.dylib (rx at 0x100f55000, rw at 0x100fa9000)
--53508--    reading syms   from primary file (2023 1671)
--53508-- REDIR: 0x100534740 (libsystem_platform.dylib:_platform_memcmp) redirected to 0x1000e5c53 (_platform_memcmp)
--53508-- REDIR: 0x100534fc0 (libsystem_platform.dylib:_platform_strncmp) redirected to 0x1000e55ed (_platform_strncmp)
--53508-- REDIR: 0x100535360 (libsystem_platform.dylib:_platform_strcmp) redirected to 0x1000e5667 (_platform_strcmp)
--53508-- REDIR: 0x1004843a6 (libsystem_malloc.dylib:calloc) redirected to 0x1000e3f36 (calloc)
--53508-- REDIR: 0x10048452c (libsystem_malloc.dylib:malloc_default_zone) redirected to 0x1000e4c61 (malloc_default_zone)
--53508-- REDIR: 0x100481c32 (libsystem_malloc.dylib:malloc_zone_malloc) redirected to 0x1000e3b88 (malloc_zone_malloc)
--53508-- REDIR: 0x1004843e1 (libsystem_malloc.dylib:malloc_zone_calloc) redirected to 0x1000e4122 (malloc_zone_calloc)
--53508-- REDIR: 0x100481bfd (libsystem_malloc.dylib:malloc) redirected to 0x1000e3920 (malloc)
--53508-- REDIR: 0x100484536 (libsystem_malloc.dylib:malloc_zone_from_ptr) redirected to 0x1000e4ca2 (malloc_zone_from_ptr)
--53508-- REDIR: 0x100484839 (libsystem_malloc.dylib:free) redirected to 0x1000e3cfc (free)
--53508-- REDIR: 0x10048787d (libsystem_malloc.dylib:realloc) redirected to 0x1000e42b4 (realloc)
--53508-- REDIR: 0x1005351a0 (libsystem_platform.dylib:_platform_strchr$VARIANT$Haswell) redirected to 0x1000e4f13 (_platform_strchr$VARIANT$Haswell)
--53508-- REDIR: 0x1005356c0 (libsystem_platform.dylib:_platform_memchr$VARIANT$Haswell) redirected to 0x1000e56e8 (_platform_memchr$VARIANT$Haswell)
